<?xml version="1.0" encoding="UTF-8"?>
<!-- Generated by org.testng.reporters.JUnitReportReporter -->
<testsuite hostname="shihab-hasan" failures="0" tests="1" name="test3" time="0.004" errors="0" timestamp="2023-02-10T20:57:15 BDT" skipped="0">
  <testcase classname="test3" name="test" time="0.004"/>
  <system-out/>
</testsuite> <!-- test3 -->
