<?xml version="1.0" encoding="UTF-8"?>
<!-- Generated by org.testng.reporters.JUnitReportReporter -->
<testsuite hostname="shihab-hasan" failures="0" tests="3" name="testing2" time="0.003" errors="0" timestamp="2023-02-11T14:19:33 BDT" skipped="0">
  <testcase classname="testing2" name="jj" time="0.003"/>
  <system-out/>
  <testcase classname="testing2" name="kk" time="0.000"/>
  <system-out/>
  <testcase classname="testing2" name="ll" time="0.000"/>
  <system-out/>
</testsuite> <!-- testing2 -->
