<?xml version="1.0" encoding="UTF-8"?>
<!-- Generated by org.testng.reporters.JUnitReportReporter -->
<testsuite hostname="shihab-hasan" failures="0" tests="3" name="testng" time="0.000" errors="0" timestamp="2023-02-11T14:19:33 BDT" skipped="0">
  <testcase classname="testng" name="ng2" time="0.000"/>
  <system-out/>
  <testcase classname="testng" name="ng4" time="0.000"/>
  <system-out/>
  <testcase classname="testng" name="NG" time="0.000"/>
  <system-out/>
</testsuite> <!-- testng -->
